2016-01-22 17:56:10,597 - Log4JLogChute initialized using file 'C:\Personal\Work\Projects\SpringMavenNov21Proj\target2\22-Jan-2016\17.56.09\velocity.log'
2016-01-22 17:56:10,598 - Initializing Velocity, Calling init()...
2016-01-22 17:56:10,598 - Starting Apache Velocity v1.7 (compiled: 2010-11-19 12:14:37)
2016-01-22 17:56:10,598 - Default Properties File: org\apache\velocity\runtime\defaults\velocity.properties
2016-01-22 17:56:10,598 - Trying to use logger class org.apache.velocity.runtime.log.AvalonLogChute
2016-01-22 17:56:10,598 - Target log system for org.apache.velocity.runtime.log.AvalonLogChute is not available (java.lang.NoClassDefFoundError: org/apache/log/format/Formatter).  Falling back to next log system...
2016-01-22 17:56:10,598 - Trying to use logger class org.apache.velocity.runtime.log.Log4JLogChute
2016-01-22 17:56:10,598 - Using logger class org.apache.velocity.runtime.log.Log4JLogChute
2016-01-22 17:56:10,607 - ResourceLoader instantiated: org.apache.velocity.runtime.resource.loader.ClasspathResourceLoader
2016-01-22 17:56:10,626 - ResourceCache: initialized (class org.apache.velocity.runtime.resource.ResourceCacheImpl) with class java.util.Collections$SynchronizedMap cache map.
2016-01-22 17:56:10,628 - Loaded System Directive: org.apache.velocity.runtime.directive.Stop
2016-01-22 17:56:10,631 - Loaded System Directive: org.apache.velocity.runtime.directive.Define
2016-01-22 17:56:10,632 - Loaded System Directive: org.apache.velocity.runtime.directive.Break
2016-01-22 17:56:10,634 - Loaded System Directive: org.apache.velocity.runtime.directive.Evaluate
2016-01-22 17:56:10,635 - Loaded System Directive: org.apache.velocity.runtime.directive.Literal
2016-01-22 17:56:10,638 - Loaded System Directive: org.apache.velocity.runtime.directive.Macro
2016-01-22 17:56:10,640 - Loaded System Directive: org.apache.velocity.runtime.directive.Parse
2016-01-22 17:56:10,643 - Loaded System Directive: org.apache.velocity.runtime.directive.Include
2016-01-22 17:56:10,646 - Loaded System Directive: org.apache.velocity.runtime.directive.Foreach
2016-01-22 17:56:10,713 - Created '20' parsers.
2016-01-22 17:56:10,726 - Velocimacro : "velocimacro.library" is not set.  Trying default library: VM_global_library.vm
2016-01-22 17:56:10,727 - Could not load resource 'VM_global_library.vm' from ResourceLoader org.apache.velocity.runtime.resource.loader.ClasspathResourceLoader: ClasspathResourceLoader Error: cannot find resource VM_global_library.vm
2016-01-22 17:56:10,727 - Velocimacro : Default library not found.
2016-01-22 17:56:10,727 - Velocimacro : allowInline = true : VMs can be defined inline in templates
2016-01-22 17:56:10,727 - Velocimacro : allowInlineToOverride = false : VMs defined inline may NOT replace previous VM definitions
2016-01-22 17:56:10,728 - Velocimacro : allowInlineLocal = false : VMs defined inline will be global in scope if allowed.
2016-01-22 17:56:10,728 - Velocimacro : autoload off : VM system will not automatically reload global library macros
2016-01-22 17:56:10,819 - ResourceManager : found templates/featureOverview.vm with loader org.apache.velocity.runtime.resource.loader.ClasspathResourceLoader
2016-01-22 17:56:11,000 - ResourceManager : found /templates/tableHeader.vm with loader org.apache.velocity.runtime.resource.loader.ClasspathResourceLoader
2016-01-22 17:56:11,058 - Log4JLogChute initialized using file 'C:\Personal\Work\Projects\SpringMavenNov21Proj\target2\22-Jan-2016\17.56.09\velocity.log'
2016-01-22 17:56:11,058 - Log4JLogChute initialized using file 'C:\Personal\Work\Projects\SpringMavenNov21Proj\target2\22-Jan-2016\17.56.09\velocity.log'
2016-01-22 17:56:11,058 - Initializing Velocity, Calling init()...
2016-01-22 17:56:11,058 - Initializing Velocity, Calling init()...
2016-01-22 17:56:11,058 - Starting Apache Velocity v1.7 (compiled: 2010-11-19 12:14:37)
2016-01-22 17:56:11,058 - Starting Apache Velocity v1.7 (compiled: 2010-11-19 12:14:37)
2016-01-22 17:56:11,058 - Default Properties File: org\apache\velocity\runtime\defaults\velocity.properties
2016-01-22 17:56:11,058 - Default Properties File: org\apache\velocity\runtime\defaults\velocity.properties
2016-01-22 17:56:11,058 - Trying to use logger class org.apache.velocity.runtime.log.AvalonLogChute
2016-01-22 17:56:11,058 - Trying to use logger class org.apache.velocity.runtime.log.AvalonLogChute
2016-01-22 17:56:11,059 - Target log system for org.apache.velocity.runtime.log.AvalonLogChute is not available (java.lang.NoClassDefFoundError: org/apache/log/format/Formatter).  Falling back to next log system...
2016-01-22 17:56:11,059 - Target log system for org.apache.velocity.runtime.log.AvalonLogChute is not available (java.lang.NoClassDefFoundError: org/apache/log/format/Formatter).  Falling back to next log system...
2016-01-22 17:56:11,059 - Trying to use logger class org.apache.velocity.runtime.log.Log4JLogChute
2016-01-22 17:56:11,059 - Trying to use logger class org.apache.velocity.runtime.log.Log4JLogChute
2016-01-22 17:56:11,059 - Using logger class org.apache.velocity.runtime.log.Log4JLogChute
2016-01-22 17:56:11,059 - Using logger class org.apache.velocity.runtime.log.Log4JLogChute
2016-01-22 17:56:11,059 - ResourceLoader instantiated: org.apache.velocity.runtime.resource.loader.ClasspathResourceLoader
2016-01-22 17:56:11,059 - ResourceLoader instantiated: org.apache.velocity.runtime.resource.loader.ClasspathResourceLoader
2016-01-22 17:56:11,059 - ResourceCache: initialized (class org.apache.velocity.runtime.resource.ResourceCacheImpl) with class java.util.Collections$SynchronizedMap cache map.
2016-01-22 17:56:11,059 - ResourceCache: initialized (class org.apache.velocity.runtime.resource.ResourceCacheImpl) with class java.util.Collections$SynchronizedMap cache map.
2016-01-22 17:56:11,061 - Loaded System Directive: org.apache.velocity.runtime.directive.Stop
2016-01-22 17:56:11,061 - Loaded System Directive: org.apache.velocity.runtime.directive.Stop
2016-01-22 17:56:11,061 - Loaded System Directive: org.apache.velocity.runtime.directive.Define
2016-01-22 17:56:11,061 - Loaded System Directive: org.apache.velocity.runtime.directive.Define
2016-01-22 17:56:11,061 - Loaded System Directive: org.apache.velocity.runtime.directive.Break
2016-01-22 17:56:11,061 - Loaded System Directive: org.apache.velocity.runtime.directive.Break
2016-01-22 17:56:11,061 - Loaded System Directive: org.apache.velocity.runtime.directive.Evaluate
2016-01-22 17:56:11,061 - Loaded System Directive: org.apache.velocity.runtime.directive.Evaluate
2016-01-22 17:56:11,062 - Loaded System Directive: org.apache.velocity.runtime.directive.Literal
2016-01-22 17:56:11,062 - Loaded System Directive: org.apache.velocity.runtime.directive.Literal
2016-01-22 17:56:11,062 - Loaded System Directive: org.apache.velocity.runtime.directive.Macro
2016-01-22 17:56:11,062 - Loaded System Directive: org.apache.velocity.runtime.directive.Macro
2016-01-22 17:56:11,062 - Loaded System Directive: org.apache.velocity.runtime.directive.Parse
2016-01-22 17:56:11,062 - Loaded System Directive: org.apache.velocity.runtime.directive.Parse
2016-01-22 17:56:11,062 - Loaded System Directive: org.apache.velocity.runtime.directive.Include
2016-01-22 17:56:11,062 - Loaded System Directive: org.apache.velocity.runtime.directive.Include
2016-01-22 17:56:11,062 - Loaded System Directive: org.apache.velocity.runtime.directive.Foreach
2016-01-22 17:56:11,062 - Loaded System Directive: org.apache.velocity.runtime.directive.Foreach
2016-01-22 17:56:11,065 - Created '20' parsers.
2016-01-22 17:56:11,065 - Created '20' parsers.
2016-01-22 17:56:11,065 - Velocimacro : "velocimacro.library" is not set.  Trying default library: VM_global_library.vm
2016-01-22 17:56:11,065 - Velocimacro : "velocimacro.library" is not set.  Trying default library: VM_global_library.vm
2016-01-22 17:56:11,066 - Could not load resource 'VM_global_library.vm' from ResourceLoader org.apache.velocity.runtime.resource.loader.ClasspathResourceLoader: ClasspathResourceLoader Error: cannot find resource VM_global_library.vm
2016-01-22 17:56:11,066 - Could not load resource 'VM_global_library.vm' from ResourceLoader org.apache.velocity.runtime.resource.loader.ClasspathResourceLoader: ClasspathResourceLoader Error: cannot find resource VM_global_library.vm
2016-01-22 17:56:11,066 - Velocimacro : Default library not found.
2016-01-22 17:56:11,066 - Velocimacro : Default library not found.
2016-01-22 17:56:11,067 - Velocimacro : allowInline = true : VMs can be defined inline in templates
2016-01-22 17:56:11,067 - Velocimacro : allowInline = true : VMs can be defined inline in templates
2016-01-22 17:56:11,067 - Velocimacro : allowInlineToOverride = false : VMs defined inline may NOT replace previous VM definitions
2016-01-22 17:56:11,067 - Velocimacro : allowInlineToOverride = false : VMs defined inline may NOT replace previous VM definitions
2016-01-22 17:56:11,067 - Velocimacro : allowInlineLocal = false : VMs defined inline will be global in scope if allowed.
2016-01-22 17:56:11,067 - Velocimacro : allowInlineLocal = false : VMs defined inline will be global in scope if allowed.
2016-01-22 17:56:11,067 - Velocimacro : autoload off : VM system will not automatically reload global library macros
2016-01-22 17:56:11,067 - Velocimacro : autoload off : VM system will not automatically reload global library macros
2016-01-22 17:56:11,080 - ResourceManager : found templates/featureReport.vm with loader org.apache.velocity.runtime.resource.loader.ClasspathResourceLoader
2016-01-22 17:56:11,080 - ResourceManager : found templates/featureReport.vm with loader org.apache.velocity.runtime.resource.loader.ClasspathResourceLoader
2016-01-22 17:56:11,083 - ResourceManager : found /templates/tableHeader.vm with loader org.apache.velocity.runtime.resource.loader.ClasspathResourceLoader
2016-01-22 17:56:11,083 - ResourceManager : found /templates/tableHeader.vm with loader org.apache.velocity.runtime.resource.loader.ClasspathResourceLoader
2016-01-22 17:56:11,131 - Log4JLogChute initialized using file 'C:\Personal\Work\Projects\SpringMavenNov21Proj\target2\22-Jan-2016\17.56.09\velocity.log'
2016-01-22 17:56:11,131 - Log4JLogChute initialized using file 'C:\Personal\Work\Projects\SpringMavenNov21Proj\target2\22-Jan-2016\17.56.09\velocity.log'
2016-01-22 17:56:11,131 - Log4JLogChute initialized using file 'C:\Personal\Work\Projects\SpringMavenNov21Proj\target2\22-Jan-2016\17.56.09\velocity.log'
2016-01-22 17:56:11,131 - Initializing Velocity, Calling init()...
2016-01-22 17:56:11,131 - Initializing Velocity, Calling init()...
2016-01-22 17:56:11,131 - Initializing Velocity, Calling init()...
2016-01-22 17:56:11,131 - Starting Apache Velocity v1.7 (compiled: 2010-11-19 12:14:37)
2016-01-22 17:56:11,131 - Starting Apache Velocity v1.7 (compiled: 2010-11-19 12:14:37)
2016-01-22 17:56:11,131 - Starting Apache Velocity v1.7 (compiled: 2010-11-19 12:14:37)
2016-01-22 17:56:11,131 - Default Properties File: org\apache\velocity\runtime\defaults\velocity.properties
2016-01-22 17:56:11,131 - Default Properties File: org\apache\velocity\runtime\defaults\velocity.properties
2016-01-22 17:56:11,131 - Default Properties File: org\apache\velocity\runtime\defaults\velocity.properties
2016-01-22 17:56:11,132 - Trying to use logger class org.apache.velocity.runtime.log.AvalonLogChute
2016-01-22 17:56:11,132 - Trying to use logger class org.apache.velocity.runtime.log.AvalonLogChute
2016-01-22 17:56:11,132 - Trying to use logger class org.apache.velocity.runtime.log.AvalonLogChute
2016-01-22 17:56:11,132 - Target log system for org.apache.velocity.runtime.log.AvalonLogChute is not available (java.lang.NoClassDefFoundError: org/apache/log/format/Formatter).  Falling back to next log system...
2016-01-22 17:56:11,132 - Target log system for org.apache.velocity.runtime.log.AvalonLogChute is not available (java.lang.NoClassDefFoundError: org/apache/log/format/Formatter).  Falling back to next log system...
2016-01-22 17:56:11,132 - Target log system for org.apache.velocity.runtime.log.AvalonLogChute is not available (java.lang.NoClassDefFoundError: org/apache/log/format/Formatter).  Falling back to next log system...
2016-01-22 17:56:11,132 - Trying to use logger class org.apache.velocity.runtime.log.Log4JLogChute
2016-01-22 17:56:11,132 - Trying to use logger class org.apache.velocity.runtime.log.Log4JLogChute
2016-01-22 17:56:11,132 - Trying to use logger class org.apache.velocity.runtime.log.Log4JLogChute
2016-01-22 17:56:11,132 - Using logger class org.apache.velocity.runtime.log.Log4JLogChute
2016-01-22 17:56:11,132 - Using logger class org.apache.velocity.runtime.log.Log4JLogChute
2016-01-22 17:56:11,132 - Using logger class org.apache.velocity.runtime.log.Log4JLogChute
2016-01-22 17:56:11,132 - ResourceLoader instantiated: org.apache.velocity.runtime.resource.loader.ClasspathResourceLoader
2016-01-22 17:56:11,132 - ResourceLoader instantiated: org.apache.velocity.runtime.resource.loader.ClasspathResourceLoader
2016-01-22 17:56:11,132 - ResourceLoader instantiated: org.apache.velocity.runtime.resource.loader.ClasspathResourceLoader
2016-01-22 17:56:11,133 - ResourceCache: initialized (class org.apache.velocity.runtime.resource.ResourceCacheImpl) with class java.util.Collections$SynchronizedMap cache map.
2016-01-22 17:56:11,133 - ResourceCache: initialized (class org.apache.velocity.runtime.resource.ResourceCacheImpl) with class java.util.Collections$SynchronizedMap cache map.
2016-01-22 17:56:11,133 - ResourceCache: initialized (class org.apache.velocity.runtime.resource.ResourceCacheImpl) with class java.util.Collections$SynchronizedMap cache map.
2016-01-22 17:56:11,134 - Loaded System Directive: org.apache.velocity.runtime.directive.Stop
2016-01-22 17:56:11,134 - Loaded System Directive: org.apache.velocity.runtime.directive.Stop
2016-01-22 17:56:11,134 - Loaded System Directive: org.apache.velocity.runtime.directive.Stop
2016-01-22 17:56:11,134 - Loaded System Directive: org.apache.velocity.runtime.directive.Define
2016-01-22 17:56:11,134 - Loaded System Directive: org.apache.velocity.runtime.directive.Define
2016-01-22 17:56:11,134 - Loaded System Directive: org.apache.velocity.runtime.directive.Define
2016-01-22 17:56:11,134 - Loaded System Directive: org.apache.velocity.runtime.directive.Break
2016-01-22 17:56:11,134 - Loaded System Directive: org.apache.velocity.runtime.directive.Break
2016-01-22 17:56:11,134 - Loaded System Directive: org.apache.velocity.runtime.directive.Break
2016-01-22 17:56:11,134 - Loaded System Directive: org.apache.velocity.runtime.directive.Evaluate
2016-01-22 17:56:11,134 - Loaded System Directive: org.apache.velocity.runtime.directive.Evaluate
2016-01-22 17:56:11,134 - Loaded System Directive: org.apache.velocity.runtime.directive.Evaluate
2016-01-22 17:56:11,134 - Loaded System Directive: org.apache.velocity.runtime.directive.Literal
2016-01-22 17:56:11,134 - Loaded System Directive: org.apache.velocity.runtime.directive.Literal
2016-01-22 17:56:11,134 - Loaded System Directive: org.apache.velocity.runtime.directive.Literal
2016-01-22 17:56:11,135 - Loaded System Directive: org.apache.velocity.runtime.directive.Macro
2016-01-22 17:56:11,135 - Loaded System Directive: org.apache.velocity.runtime.directive.Macro
2016-01-22 17:56:11,135 - Loaded System Directive: org.apache.velocity.runtime.directive.Macro
2016-01-22 17:56:11,135 - Loaded System Directive: org.apache.velocity.runtime.directive.Parse
2016-01-22 17:56:11,135 - Loaded System Directive: org.apache.velocity.runtime.directive.Parse
2016-01-22 17:56:11,135 - Loaded System Directive: org.apache.velocity.runtime.directive.Parse
2016-01-22 17:56:11,135 - Loaded System Directive: org.apache.velocity.runtime.directive.Include
2016-01-22 17:56:11,135 - Loaded System Directive: org.apache.velocity.runtime.directive.Include
2016-01-22 17:56:11,135 - Loaded System Directive: org.apache.velocity.runtime.directive.Include
2016-01-22 17:56:11,135 - Loaded System Directive: org.apache.velocity.runtime.directive.Foreach
2016-01-22 17:56:11,135 - Loaded System Directive: org.apache.velocity.runtime.directive.Foreach
2016-01-22 17:56:11,135 - Loaded System Directive: org.apache.velocity.runtime.directive.Foreach
2016-01-22 17:56:11,172 - Created '20' parsers.
2016-01-22 17:56:11,172 - Created '20' parsers.
2016-01-22 17:56:11,172 - Velocimacro : "velocimacro.library" is not set.  Trying default library: VM_global_library.vm
2016-01-22 17:56:11,172 - Velocimacro : "velocimacro.library" is not set.  Trying default library: VM_global_library.vm
2016-01-22 17:56:11,173 - Could not load resource 'VM_global_library.vm' from ResourceLoader org.apache.velocity.runtime.resource.loader.ClasspathResourceLoader: ClasspathResourceLoader Error: cannot find resource VM_global_library.vm
2016-01-22 17:56:11,173 - Could not load resource 'VM_global_library.vm' from ResourceLoader org.apache.velocity.runtime.resource.loader.ClasspathResourceLoader: ClasspathResourceLoader Error: cannot find resource VM_global_library.vm
2016-01-22 17:56:11,173 - Velocimacro : Default library not found.
2016-01-22 17:56:11,173 - Velocimacro : Default library not found.
2016-01-22 17:56:11,173 - Velocimacro : allowInline = true : VMs can be defined inline in templates
2016-01-22 17:56:11,173 - Velocimacro : allowInline = true : VMs can be defined inline in templates
2016-01-22 17:56:11,173 - Velocimacro : allowInlineToOverride = false : VMs defined inline may NOT replace previous VM definitions
2016-01-22 17:56:11,173 - Velocimacro : allowInlineToOverride = false : VMs defined inline may NOT replace previous VM definitions
2016-01-22 17:56:11,173 - Velocimacro : allowInlineLocal = false : VMs defined inline will be global in scope if allowed.
2016-01-22 17:56:11,173 - Velocimacro : allowInlineLocal = false : VMs defined inline will be global in scope if allowed.
2016-01-22 17:56:11,173 - Velocimacro : autoload off : VM system will not automatically reload global library macros
2016-01-22 17:56:11,173 - Velocimacro : autoload off : VM system will not automatically reload global library macros
2016-01-22 17:56:11,185 - ResourceManager : found templates/tagReport.vm with loader org.apache.velocity.runtime.resource.loader.ClasspathResourceLoader
2016-01-22 17:56:11,185 - ResourceManager : found templates/tagReport.vm with loader org.apache.velocity.runtime.resource.loader.ClasspathResourceLoader
2016-01-22 17:56:11,189 - ResourceManager : found /templates/tableHeader.vm with loader org.apache.velocity.runtime.resource.loader.ClasspathResourceLoader
2016-01-22 17:56:11,189 - ResourceManager : found /templates/tableHeader.vm with loader org.apache.velocity.runtime.resource.loader.ClasspathResourceLoader
2016-01-22 17:56:11,220 - Log4JLogChute initialized using file 'C:\Personal\Work\Projects\SpringMavenNov21Proj\target2\22-Jan-2016\17.56.09\velocity.log'
2016-01-22 17:56:11,220 - Log4JLogChute initialized using file 'C:\Personal\Work\Projects\SpringMavenNov21Proj\target2\22-Jan-2016\17.56.09\velocity.log'
2016-01-22 17:56:11,220 - Log4JLogChute initialized using file 'C:\Personal\Work\Projects\SpringMavenNov21Proj\target2\22-Jan-2016\17.56.09\velocity.log'
2016-01-22 17:56:11,221 - Initializing Velocity, Calling init()...
2016-01-22 17:56:11,221 - Initializing Velocity, Calling init()...
2016-01-22 17:56:11,221 - Initializing Velocity, Calling init()...
2016-01-22 17:56:11,221 - Starting Apache Velocity v1.7 (compiled: 2010-11-19 12:14:37)
2016-01-22 17:56:11,221 - Starting Apache Velocity v1.7 (compiled: 2010-11-19 12:14:37)
2016-01-22 17:56:11,221 - Starting Apache Velocity v1.7 (compiled: 2010-11-19 12:14:37)
2016-01-22 17:56:11,221 - Default Properties File: org\apache\velocity\runtime\defaults\velocity.properties
2016-01-22 17:56:11,221 - Default Properties File: org\apache\velocity\runtime\defaults\velocity.properties
2016-01-22 17:56:11,221 - Default Properties File: org\apache\velocity\runtime\defaults\velocity.properties
2016-01-22 17:56:11,221 - Trying to use logger class org.apache.velocity.runtime.log.AvalonLogChute
2016-01-22 17:56:11,221 - Trying to use logger class org.apache.velocity.runtime.log.AvalonLogChute
2016-01-22 17:56:11,221 - Trying to use logger class org.apache.velocity.runtime.log.AvalonLogChute
2016-01-22 17:56:11,221 - Target log system for org.apache.velocity.runtime.log.AvalonLogChute is not available (java.lang.NoClassDefFoundError: org/apache/log/format/Formatter).  Falling back to next log system...
2016-01-22 17:56:11,221 - Target log system for org.apache.velocity.runtime.log.AvalonLogChute is not available (java.lang.NoClassDefFoundError: org/apache/log/format/Formatter).  Falling back to next log system...
2016-01-22 17:56:11,221 - Target log system for org.apache.velocity.runtime.log.AvalonLogChute is not available (java.lang.NoClassDefFoundError: org/apache/log/format/Formatter).  Falling back to next log system...
2016-01-22 17:56:11,221 - Trying to use logger class org.apache.velocity.runtime.log.Log4JLogChute
2016-01-22 17:56:11,221 - Trying to use logger class org.apache.velocity.runtime.log.Log4JLogChute
2016-01-22 17:56:11,221 - Trying to use logger class org.apache.velocity.runtime.log.Log4JLogChute
2016-01-22 17:56:11,222 - Using logger class org.apache.velocity.runtime.log.Log4JLogChute
2016-01-22 17:56:11,222 - Using logger class org.apache.velocity.runtime.log.Log4JLogChute
2016-01-22 17:56:11,222 - Using logger class org.apache.velocity.runtime.log.Log4JLogChute
2016-01-22 17:56:11,222 - ResourceLoader instantiated: org.apache.velocity.runtime.resource.loader.ClasspathResourceLoader
2016-01-22 17:56:11,222 - ResourceLoader instantiated: org.apache.velocity.runtime.resource.loader.ClasspathResourceLoader
2016-01-22 17:56:11,222 - ResourceLoader instantiated: org.apache.velocity.runtime.resource.loader.ClasspathResourceLoader
2016-01-22 17:56:11,225 - ResourceCache: initialized (class org.apache.velocity.runtime.resource.ResourceCacheImpl) with class java.util.Collections$SynchronizedMap cache map.
2016-01-22 17:56:11,225 - ResourceCache: initialized (class org.apache.velocity.runtime.resource.ResourceCacheImpl) with class java.util.Collections$SynchronizedMap cache map.
2016-01-22 17:56:11,225 - ResourceCache: initialized (class org.apache.velocity.runtime.resource.ResourceCacheImpl) with class java.util.Collections$SynchronizedMap cache map.
2016-01-22 17:56:11,226 - Loaded System Directive: org.apache.velocity.runtime.directive.Stop
2016-01-22 17:56:11,226 - Loaded System Directive: org.apache.velocity.runtime.directive.Stop
2016-01-22 17:56:11,226 - Loaded System Directive: org.apache.velocity.runtime.directive.Stop
2016-01-22 17:56:11,226 - Loaded System Directive: org.apache.velocity.runtime.directive.Define
2016-01-22 17:56:11,226 - Loaded System Directive: org.apache.velocity.runtime.directive.Define
2016-01-22 17:56:11,226 - Loaded System Directive: org.apache.velocity.runtime.directive.Define
2016-01-22 17:56:11,227 - Loaded System Directive: org.apache.velocity.runtime.directive.Break
2016-01-22 17:56:11,227 - Loaded System Directive: org.apache.velocity.runtime.directive.Break
2016-01-22 17:56:11,227 - Loaded System Directive: org.apache.velocity.runtime.directive.Break
2016-01-22 17:56:11,227 - Loaded System Directive: org.apache.velocity.runtime.directive.Evaluate
2016-01-22 17:56:11,227 - Loaded System Directive: org.apache.velocity.runtime.directive.Evaluate
2016-01-22 17:56:11,227 - Loaded System Directive: org.apache.velocity.runtime.directive.Evaluate
2016-01-22 17:56:11,227 - Loaded System Directive: org.apache.velocity.runtime.directive.Literal
2016-01-22 17:56:11,227 - Loaded System Directive: org.apache.velocity.runtime.directive.Literal
2016-01-22 17:56:11,227 - Loaded System Directive: org.apache.velocity.runtime.directive.Literal
2016-01-22 17:56:11,227 - Loaded System Directive: org.apache.velocity.runtime.directive.Macro
2016-01-22 17:56:11,227 - Loaded System Directive: org.apache.velocity.runtime.directive.Macro
2016-01-22 17:56:11,227 - Loaded System Directive: org.apache.velocity.runtime.directive.Macro
2016-01-22 17:56:11,227 - Loaded System Directive: org.apache.velocity.runtime.directive.Parse
2016-01-22 17:56:11,227 - Loaded System Directive: org.apache.velocity.runtime.directive.Parse
2016-01-22 17:56:11,227 - Loaded System Directive: org.apache.velocity.runtime.directive.Parse
2016-01-22 17:56:11,228 - Loaded System Directive: org.apache.velocity.runtime.directive.Include
2016-01-22 17:56:11,228 - Loaded System Directive: org.apache.velocity.runtime.directive.Include
2016-01-22 17:56:11,228 - Loaded System Directive: org.apache.velocity.runtime.directive.Include
2016-01-22 17:56:11,228 - Loaded System Directive: org.apache.velocity.runtime.directive.Foreach
2016-01-22 17:56:11,228 - Loaded System Directive: org.apache.velocity.runtime.directive.Foreach
2016-01-22 17:56:11,228 - Loaded System Directive: org.apache.velocity.runtime.directive.Foreach
2016-01-22 17:56:11,230 - Created '20' parsers.
2016-01-22 17:56:11,230 - Created '20' parsers.
2016-01-22 17:56:11,230 - Created '20' parsers.
2016-01-22 17:56:11,230 - Velocimacro : "velocimacro.library" is not set.  Trying default library: VM_global_library.vm
2016-01-22 17:56:11,230 - Velocimacro : "velocimacro.library" is not set.  Trying default library: VM_global_library.vm
2016-01-22 17:56:11,230 - Velocimacro : "velocimacro.library" is not set.  Trying default library: VM_global_library.vm
2016-01-22 17:56:11,233 - Could not load resource 'VM_global_library.vm' from ResourceLoader org.apache.velocity.runtime.resource.loader.ClasspathResourceLoader: ClasspathResourceLoader Error: cannot find resource VM_global_library.vm
2016-01-22 17:56:11,233 - Could not load resource 'VM_global_library.vm' from ResourceLoader org.apache.velocity.runtime.resource.loader.ClasspathResourceLoader: ClasspathResourceLoader Error: cannot find resource VM_global_library.vm
2016-01-22 17:56:11,233 - Could not load resource 'VM_global_library.vm' from ResourceLoader org.apache.velocity.runtime.resource.loader.ClasspathResourceLoader: ClasspathResourceLoader Error: cannot find resource VM_global_library.vm
2016-01-22 17:56:11,233 - Velocimacro : Default library not found.
2016-01-22 17:56:11,233 - Velocimacro : Default library not found.
2016-01-22 17:56:11,233 - Velocimacro : Default library not found.
2016-01-22 17:56:11,233 - Velocimacro : allowInline = true : VMs can be defined inline in templates
2016-01-22 17:56:11,233 - Velocimacro : allowInline = true : VMs can be defined inline in templates
2016-01-22 17:56:11,233 - Velocimacro : allowInline = true : VMs can be defined inline in templates
2016-01-22 17:56:11,233 - Velocimacro : allowInlineToOverride = false : VMs defined inline may NOT replace previous VM definitions
2016-01-22 17:56:11,233 - Velocimacro : allowInlineToOverride = false : VMs defined inline may NOT replace previous VM definitions
2016-01-22 17:56:11,233 - Velocimacro : allowInlineToOverride = false : VMs defined inline may NOT replace previous VM definitions
2016-01-22 17:56:11,233 - Velocimacro : allowInlineLocal = false : VMs defined inline will be global in scope if allowed.
2016-01-22 17:56:11,233 - Velocimacro : allowInlineLocal = false : VMs defined inline will be global in scope if allowed.
2016-01-22 17:56:11,233 - Velocimacro : allowInlineLocal = false : VMs defined inline will be global in scope if allowed.
2016-01-22 17:56:11,233 - Velocimacro : autoload off : VM system will not automatically reload global library macros
2016-01-22 17:56:11,233 - Velocimacro : autoload off : VM system will not automatically reload global library macros
2016-01-22 17:56:11,233 - Velocimacro : autoload off : VM system will not automatically reload global library macros
2016-01-22 17:56:11,252 - ResourceManager : found templates/tagOverview.vm with loader org.apache.velocity.runtime.resource.loader.ClasspathResourceLoader
2016-01-22 17:56:11,252 - ResourceManager : found templates/tagOverview.vm with loader org.apache.velocity.runtime.resource.loader.ClasspathResourceLoader
2016-01-22 17:56:11,252 - ResourceManager : found templates/tagOverview.vm with loader org.apache.velocity.runtime.resource.loader.ClasspathResourceLoader
2016-01-22 17:56:11,256 - ResourceManager : found /templates/tableHeader.vm with loader org.apache.velocity.runtime.resource.loader.ClasspathResourceLoader
2016-01-22 17:56:11,256 - ResourceManager : found /templates/tableHeader.vm with loader org.apache.velocity.runtime.resource.loader.ClasspathResourceLoader
2016-01-22 17:56:11,256 - ResourceManager : found /templates/tableHeader.vm with loader org.apache.velocity.runtime.resource.loader.ClasspathResourceLoader
