2016-01-22 13:25:42,819 - Log4JLogChute initialized using file 'C:\Personal\Work\Projects\SpringMavenNov21Proj\target2\22-Jan-2016\13.25.41\velocity.log'
2016-01-22 13:25:42,820 - Initializing Velocity, Calling init()...
2016-01-22 13:25:42,820 - Starting Apache Velocity v1.7 (compiled: 2010-11-19 12:14:37)
2016-01-22 13:25:42,820 - Default Properties File: org\apache\velocity\runtime\defaults\velocity.properties
2016-01-22 13:25:42,820 - Trying to use logger class org.apache.velocity.runtime.log.AvalonLogChute
2016-01-22 13:25:42,820 - Target log system for org.apache.velocity.runtime.log.AvalonLogChute is not available (java.lang.NoClassDefFoundError: org/apache/log/format/Formatter).  Falling back to next log system...
2016-01-22 13:25:42,820 - Trying to use logger class org.apache.velocity.runtime.log.Log4JLogChute
2016-01-22 13:25:42,820 - Using logger class org.apache.velocity.runtime.log.Log4JLogChute
2016-01-22 13:25:42,827 - ResourceLoader instantiated: org.apache.velocity.runtime.resource.loader.ClasspathResourceLoader
2016-01-22 13:25:42,843 - ResourceCache: initialized (class org.apache.velocity.runtime.resource.ResourceCacheImpl) with class java.util.Collections$SynchronizedMap cache map.
2016-01-22 13:25:42,846 - Loaded System Directive: org.apache.velocity.runtime.directive.Stop
2016-01-22 13:25:42,848 - Loaded System Directive: org.apache.velocity.runtime.directive.Define
2016-01-22 13:25:42,849 - Loaded System Directive: org.apache.velocity.runtime.directive.Break
2016-01-22 13:25:42,850 - Loaded System Directive: org.apache.velocity.runtime.directive.Evaluate
2016-01-22 13:25:42,851 - Loaded System Directive: org.apache.velocity.runtime.directive.Literal
2016-01-22 13:25:42,853 - Loaded System Directive: org.apache.velocity.runtime.directive.Macro
2016-01-22 13:25:42,856 - Loaded System Directive: org.apache.velocity.runtime.directive.Parse
2016-01-22 13:25:42,858 - Loaded System Directive: org.apache.velocity.runtime.directive.Include
2016-01-22 13:25:42,860 - Loaded System Directive: org.apache.velocity.runtime.directive.Foreach
2016-01-22 13:25:42,944 - Created '20' parsers.
2016-01-22 13:25:42,956 - Velocimacro : "velocimacro.library" is not set.  Trying default library: VM_global_library.vm
2016-01-22 13:25:42,957 - Could not load resource 'VM_global_library.vm' from ResourceLoader org.apache.velocity.runtime.resource.loader.ClasspathResourceLoader: ClasspathResourceLoader Error: cannot find resource VM_global_library.vm
2016-01-22 13:25:42,957 - Velocimacro : Default library not found.
2016-01-22 13:25:42,957 - Velocimacro : allowInline = true : VMs can be defined inline in templates
2016-01-22 13:25:42,957 - Velocimacro : allowInlineToOverride = false : VMs defined inline may NOT replace previous VM definitions
2016-01-22 13:25:42,957 - Velocimacro : allowInlineLocal = false : VMs defined inline will be global in scope if allowed.
2016-01-22 13:25:42,957 - Velocimacro : autoload off : VM system will not automatically reload global library macros
2016-01-22 13:25:43,023 - ResourceManager : found templates/featureOverview.vm with loader org.apache.velocity.runtime.resource.loader.ClasspathResourceLoader
2016-01-22 13:25:43,152 - ResourceManager : found /templates/tableHeader.vm with loader org.apache.velocity.runtime.resource.loader.ClasspathResourceLoader
2016-01-22 13:25:43,187 - Log4JLogChute initialized using file 'C:\Personal\Work\Projects\SpringMavenNov21Proj\target2\22-Jan-2016\13.25.41\velocity.log'
2016-01-22 13:25:43,187 - Log4JLogChute initialized using file 'C:\Personal\Work\Projects\SpringMavenNov21Proj\target2\22-Jan-2016\13.25.41\velocity.log'
2016-01-22 13:25:43,188 - Initializing Velocity, Calling init()...
2016-01-22 13:25:43,188 - Initializing Velocity, Calling init()...
2016-01-22 13:25:43,188 - Starting Apache Velocity v1.7 (compiled: 2010-11-19 12:14:37)
2016-01-22 13:25:43,188 - Starting Apache Velocity v1.7 (compiled: 2010-11-19 12:14:37)
2016-01-22 13:25:43,188 - Default Properties File: org\apache\velocity\runtime\defaults\velocity.properties
2016-01-22 13:25:43,188 - Default Properties File: org\apache\velocity\runtime\defaults\velocity.properties
2016-01-22 13:25:43,188 - Trying to use logger class org.apache.velocity.runtime.log.AvalonLogChute
2016-01-22 13:25:43,188 - Trying to use logger class org.apache.velocity.runtime.log.AvalonLogChute
2016-01-22 13:25:43,188 - Target log system for org.apache.velocity.runtime.log.AvalonLogChute is not available (java.lang.NoClassDefFoundError: org/apache/log/format/Formatter).  Falling back to next log system...
2016-01-22 13:25:43,188 - Target log system for org.apache.velocity.runtime.log.AvalonLogChute is not available (java.lang.NoClassDefFoundError: org/apache/log/format/Formatter).  Falling back to next log system...
2016-01-22 13:25:43,188 - Trying to use logger class org.apache.velocity.runtime.log.Log4JLogChute
2016-01-22 13:25:43,188 - Trying to use logger class org.apache.velocity.runtime.log.Log4JLogChute
2016-01-22 13:25:43,188 - Using logger class org.apache.velocity.runtime.log.Log4JLogChute
2016-01-22 13:25:43,188 - Using logger class org.apache.velocity.runtime.log.Log4JLogChute
2016-01-22 13:25:43,188 - ResourceLoader instantiated: org.apache.velocity.runtime.resource.loader.ClasspathResourceLoader
2016-01-22 13:25:43,188 - ResourceLoader instantiated: org.apache.velocity.runtime.resource.loader.ClasspathResourceLoader
2016-01-22 13:25:43,188 - ResourceCache: initialized (class org.apache.velocity.runtime.resource.ResourceCacheImpl) with class java.util.Collections$SynchronizedMap cache map.
2016-01-22 13:25:43,188 - ResourceCache: initialized (class org.apache.velocity.runtime.resource.ResourceCacheImpl) with class java.util.Collections$SynchronizedMap cache map.
2016-01-22 13:25:43,189 - Loaded System Directive: org.apache.velocity.runtime.directive.Stop
2016-01-22 13:25:43,189 - Loaded System Directive: org.apache.velocity.runtime.directive.Stop
2016-01-22 13:25:43,190 - Loaded System Directive: org.apache.velocity.runtime.directive.Define
2016-01-22 13:25:43,190 - Loaded System Directive: org.apache.velocity.runtime.directive.Define
2016-01-22 13:25:43,190 - Loaded System Directive: org.apache.velocity.runtime.directive.Break
2016-01-22 13:25:43,190 - Loaded System Directive: org.apache.velocity.runtime.directive.Break
2016-01-22 13:25:43,190 - Loaded System Directive: org.apache.velocity.runtime.directive.Evaluate
2016-01-22 13:25:43,190 - Loaded System Directive: org.apache.velocity.runtime.directive.Evaluate
2016-01-22 13:25:43,190 - Loaded System Directive: org.apache.velocity.runtime.directive.Literal
2016-01-22 13:25:43,190 - Loaded System Directive: org.apache.velocity.runtime.directive.Literal
2016-01-22 13:25:43,190 - Loaded System Directive: org.apache.velocity.runtime.directive.Macro
2016-01-22 13:25:43,190 - Loaded System Directive: org.apache.velocity.runtime.directive.Macro
2016-01-22 13:25:43,190 - Loaded System Directive: org.apache.velocity.runtime.directive.Parse
2016-01-22 13:25:43,190 - Loaded System Directive: org.apache.velocity.runtime.directive.Parse
2016-01-22 13:25:43,190 - Loaded System Directive: org.apache.velocity.runtime.directive.Include
2016-01-22 13:25:43,190 - Loaded System Directive: org.apache.velocity.runtime.directive.Include
2016-01-22 13:25:43,191 - Loaded System Directive: org.apache.velocity.runtime.directive.Foreach
2016-01-22 13:25:43,191 - Loaded System Directive: org.apache.velocity.runtime.directive.Foreach
2016-01-22 13:25:43,192 - Created '20' parsers.
2016-01-22 13:25:43,192 - Created '20' parsers.
2016-01-22 13:25:43,192 - Velocimacro : "velocimacro.library" is not set.  Trying default library: VM_global_library.vm
2016-01-22 13:25:43,192 - Velocimacro : "velocimacro.library" is not set.  Trying default library: VM_global_library.vm
2016-01-22 13:25:43,192 - Could not load resource 'VM_global_library.vm' from ResourceLoader org.apache.velocity.runtime.resource.loader.ClasspathResourceLoader: ClasspathResourceLoader Error: cannot find resource VM_global_library.vm
2016-01-22 13:25:43,192 - Could not load resource 'VM_global_library.vm' from ResourceLoader org.apache.velocity.runtime.resource.loader.ClasspathResourceLoader: ClasspathResourceLoader Error: cannot find resource VM_global_library.vm
2016-01-22 13:25:43,193 - Velocimacro : Default library not found.
2016-01-22 13:25:43,193 - Velocimacro : Default library not found.
2016-01-22 13:25:43,193 - Velocimacro : allowInline = true : VMs can be defined inline in templates
2016-01-22 13:25:43,193 - Velocimacro : allowInline = true : VMs can be defined inline in templates
2016-01-22 13:25:43,193 - Velocimacro : allowInlineToOverride = false : VMs defined inline may NOT replace previous VM definitions
2016-01-22 13:25:43,193 - Velocimacro : allowInlineToOverride = false : VMs defined inline may NOT replace previous VM definitions
2016-01-22 13:25:43,193 - Velocimacro : allowInlineLocal = false : VMs defined inline will be global in scope if allowed.
2016-01-22 13:25:43,193 - Velocimacro : allowInlineLocal = false : VMs defined inline will be global in scope if allowed.
2016-01-22 13:25:43,193 - Velocimacro : autoload off : VM system will not automatically reload global library macros
2016-01-22 13:25:43,193 - Velocimacro : autoload off : VM system will not automatically reload global library macros
2016-01-22 13:25:43,202 - ResourceManager : found templates/featureReport.vm with loader org.apache.velocity.runtime.resource.loader.ClasspathResourceLoader
2016-01-22 13:25:43,202 - ResourceManager : found templates/featureReport.vm with loader org.apache.velocity.runtime.resource.loader.ClasspathResourceLoader
2016-01-22 13:25:43,204 - ResourceManager : found /templates/tableHeader.vm with loader org.apache.velocity.runtime.resource.loader.ClasspathResourceLoader
2016-01-22 13:25:43,204 - ResourceManager : found /templates/tableHeader.vm with loader org.apache.velocity.runtime.resource.loader.ClasspathResourceLoader
2016-01-22 13:25:43,323 - Log4JLogChute initialized using file 'C:\Personal\Work\Projects\SpringMavenNov21Proj\target2\22-Jan-2016\13.25.41\velocity.log'
2016-01-22 13:25:43,323 - Log4JLogChute initialized using file 'C:\Personal\Work\Projects\SpringMavenNov21Proj\target2\22-Jan-2016\13.25.41\velocity.log'
2016-01-22 13:25:43,323 - Log4JLogChute initialized using file 'C:\Personal\Work\Projects\SpringMavenNov21Proj\target2\22-Jan-2016\13.25.41\velocity.log'
2016-01-22 13:25:43,323 - Initializing Velocity, Calling init()...
2016-01-22 13:25:43,323 - Initializing Velocity, Calling init()...
2016-01-22 13:25:43,323 - Initializing Velocity, Calling init()...
2016-01-22 13:25:43,324 - Starting Apache Velocity v1.7 (compiled: 2010-11-19 12:14:37)
2016-01-22 13:25:43,324 - Starting Apache Velocity v1.7 (compiled: 2010-11-19 12:14:37)
2016-01-22 13:25:43,324 - Starting Apache Velocity v1.7 (compiled: 2010-11-19 12:14:37)
2016-01-22 13:25:43,324 - Default Properties File: org\apache\velocity\runtime\defaults\velocity.properties
2016-01-22 13:25:43,324 - Default Properties File: org\apache\velocity\runtime\defaults\velocity.properties
2016-01-22 13:25:43,324 - Default Properties File: org\apache\velocity\runtime\defaults\velocity.properties
2016-01-22 13:25:43,324 - Trying to use logger class org.apache.velocity.runtime.log.AvalonLogChute
2016-01-22 13:25:43,324 - Trying to use logger class org.apache.velocity.runtime.log.AvalonLogChute
2016-01-22 13:25:43,324 - Trying to use logger class org.apache.velocity.runtime.log.AvalonLogChute
2016-01-22 13:25:43,324 - Target log system for org.apache.velocity.runtime.log.AvalonLogChute is not available (java.lang.NoClassDefFoundError: org/apache/log/format/Formatter).  Falling back to next log system...
2016-01-22 13:25:43,324 - Target log system for org.apache.velocity.runtime.log.AvalonLogChute is not available (java.lang.NoClassDefFoundError: org/apache/log/format/Formatter).  Falling back to next log system...
2016-01-22 13:25:43,324 - Target log system for org.apache.velocity.runtime.log.AvalonLogChute is not available (java.lang.NoClassDefFoundError: org/apache/log/format/Formatter).  Falling back to next log system...
2016-01-22 13:25:43,324 - Trying to use logger class org.apache.velocity.runtime.log.Log4JLogChute
2016-01-22 13:25:43,324 - Trying to use logger class org.apache.velocity.runtime.log.Log4JLogChute
2016-01-22 13:25:43,324 - Trying to use logger class org.apache.velocity.runtime.log.Log4JLogChute
2016-01-22 13:25:43,324 - Using logger class org.apache.velocity.runtime.log.Log4JLogChute
2016-01-22 13:25:43,324 - Using logger class org.apache.velocity.runtime.log.Log4JLogChute
2016-01-22 13:25:43,324 - Using logger class org.apache.velocity.runtime.log.Log4JLogChute
2016-01-22 13:25:43,325 - ResourceLoader instantiated: org.apache.velocity.runtime.resource.loader.ClasspathResourceLoader
2016-01-22 13:25:43,325 - ResourceLoader instantiated: org.apache.velocity.runtime.resource.loader.ClasspathResourceLoader
2016-01-22 13:25:43,325 - ResourceLoader instantiated: org.apache.velocity.runtime.resource.loader.ClasspathResourceLoader
2016-01-22 13:25:43,325 - ResourceCache: initialized (class org.apache.velocity.runtime.resource.ResourceCacheImpl) with class java.util.Collections$SynchronizedMap cache map.
2016-01-22 13:25:43,325 - ResourceCache: initialized (class org.apache.velocity.runtime.resource.ResourceCacheImpl) with class java.util.Collections$SynchronizedMap cache map.
2016-01-22 13:25:43,325 - ResourceCache: initialized (class org.apache.velocity.runtime.resource.ResourceCacheImpl) with class java.util.Collections$SynchronizedMap cache map.
2016-01-22 13:25:43,326 - Loaded System Directive: org.apache.velocity.runtime.directive.Stop
2016-01-22 13:25:43,326 - Loaded System Directive: org.apache.velocity.runtime.directive.Stop
2016-01-22 13:25:43,326 - Loaded System Directive: org.apache.velocity.runtime.directive.Stop
2016-01-22 13:25:43,326 - Loaded System Directive: org.apache.velocity.runtime.directive.Define
2016-01-22 13:25:43,326 - Loaded System Directive: org.apache.velocity.runtime.directive.Define
2016-01-22 13:25:43,326 - Loaded System Directive: org.apache.velocity.runtime.directive.Define
2016-01-22 13:25:43,326 - Loaded System Directive: org.apache.velocity.runtime.directive.Break
2016-01-22 13:25:43,326 - Loaded System Directive: org.apache.velocity.runtime.directive.Break
2016-01-22 13:25:43,326 - Loaded System Directive: org.apache.velocity.runtime.directive.Break
2016-01-22 13:25:43,326 - Loaded System Directive: org.apache.velocity.runtime.directive.Evaluate
2016-01-22 13:25:43,326 - Loaded System Directive: org.apache.velocity.runtime.directive.Evaluate
2016-01-22 13:25:43,326 - Loaded System Directive: org.apache.velocity.runtime.directive.Evaluate
2016-01-22 13:25:43,326 - Loaded System Directive: org.apache.velocity.runtime.directive.Literal
2016-01-22 13:25:43,326 - Loaded System Directive: org.apache.velocity.runtime.directive.Literal
2016-01-22 13:25:43,326 - Loaded System Directive: org.apache.velocity.runtime.directive.Literal
2016-01-22 13:25:43,326 - Loaded System Directive: org.apache.velocity.runtime.directive.Macro
2016-01-22 13:25:43,326 - Loaded System Directive: org.apache.velocity.runtime.directive.Macro
2016-01-22 13:25:43,326 - Loaded System Directive: org.apache.velocity.runtime.directive.Macro
2016-01-22 13:25:43,327 - Loaded System Directive: org.apache.velocity.runtime.directive.Parse
2016-01-22 13:25:43,327 - Loaded System Directive: org.apache.velocity.runtime.directive.Parse
2016-01-22 13:25:43,327 - Loaded System Directive: org.apache.velocity.runtime.directive.Parse
2016-01-22 13:25:43,327 - Loaded System Directive: org.apache.velocity.runtime.directive.Include
2016-01-22 13:25:43,327 - Loaded System Directive: org.apache.velocity.runtime.directive.Include
2016-01-22 13:25:43,327 - Loaded System Directive: org.apache.velocity.runtime.directive.Include
2016-01-22 13:25:43,327 - Loaded System Directive: org.apache.velocity.runtime.directive.Foreach
2016-01-22 13:25:43,327 - Loaded System Directive: org.apache.velocity.runtime.directive.Foreach
2016-01-22 13:25:43,327 - Loaded System Directive: org.apache.velocity.runtime.directive.Foreach
2016-01-22 13:25:43,328 - Created '20' parsers.
2016-01-22 13:25:43,328 - Created '20' parsers.
2016-01-22 13:25:43,328 - Created '20' parsers.
2016-01-22 13:25:43,329 - Velocimacro : "velocimacro.library" is not set.  Trying default library: VM_global_library.vm
2016-01-22 13:25:43,329 - Velocimacro : "velocimacro.library" is not set.  Trying default library: VM_global_library.vm
2016-01-22 13:25:43,329 - Velocimacro : "velocimacro.library" is not set.  Trying default library: VM_global_library.vm
2016-01-22 13:25:43,329 - Could not load resource 'VM_global_library.vm' from ResourceLoader org.apache.velocity.runtime.resource.loader.ClasspathResourceLoader: ClasspathResourceLoader Error: cannot find resource VM_global_library.vm
2016-01-22 13:25:43,329 - Could not load resource 'VM_global_library.vm' from ResourceLoader org.apache.velocity.runtime.resource.loader.ClasspathResourceLoader: ClasspathResourceLoader Error: cannot find resource VM_global_library.vm
2016-01-22 13:25:43,329 - Could not load resource 'VM_global_library.vm' from ResourceLoader org.apache.velocity.runtime.resource.loader.ClasspathResourceLoader: ClasspathResourceLoader Error: cannot find resource VM_global_library.vm
2016-01-22 13:25:43,330 - Velocimacro : Default library not found.
2016-01-22 13:25:43,330 - Velocimacro : Default library not found.
2016-01-22 13:25:43,330 - Velocimacro : Default library not found.
2016-01-22 13:25:43,330 - Velocimacro : allowInline = true : VMs can be defined inline in templates
2016-01-22 13:25:43,330 - Velocimacro : allowInline = true : VMs can be defined inline in templates
2016-01-22 13:25:43,330 - Velocimacro : allowInline = true : VMs can be defined inline in templates
2016-01-22 13:25:43,330 - Velocimacro : allowInlineToOverride = false : VMs defined inline may NOT replace previous VM definitions
2016-01-22 13:25:43,330 - Velocimacro : allowInlineToOverride = false : VMs defined inline may NOT replace previous VM definitions
2016-01-22 13:25:43,330 - Velocimacro : allowInlineToOverride = false : VMs defined inline may NOT replace previous VM definitions
2016-01-22 13:25:43,330 - Velocimacro : allowInlineLocal = false : VMs defined inline will be global in scope if allowed.
2016-01-22 13:25:43,330 - Velocimacro : allowInlineLocal = false : VMs defined inline will be global in scope if allowed.
2016-01-22 13:25:43,330 - Velocimacro : allowInlineLocal = false : VMs defined inline will be global in scope if allowed.
2016-01-22 13:25:43,330 - Velocimacro : autoload off : VM system will not automatically reload global library macros
2016-01-22 13:25:43,330 - Velocimacro : autoload off : VM system will not automatically reload global library macros
2016-01-22 13:25:43,330 - Velocimacro : autoload off : VM system will not automatically reload global library macros
2016-01-22 13:25:43,337 - ResourceManager : found templates/tagReport.vm with loader org.apache.velocity.runtime.resource.loader.ClasspathResourceLoader
2016-01-22 13:25:43,337 - ResourceManager : found templates/tagReport.vm with loader org.apache.velocity.runtime.resource.loader.ClasspathResourceLoader
2016-01-22 13:25:43,337 - ResourceManager : found templates/tagReport.vm with loader org.apache.velocity.runtime.resource.loader.ClasspathResourceLoader
2016-01-22 13:25:43,341 - ResourceManager : found /templates/tableHeader.vm with loader org.apache.velocity.runtime.resource.loader.ClasspathResourceLoader
2016-01-22 13:25:43,341 - ResourceManager : found /templates/tableHeader.vm with loader org.apache.velocity.runtime.resource.loader.ClasspathResourceLoader
2016-01-22 13:25:43,341 - ResourceManager : found /templates/tableHeader.vm with loader org.apache.velocity.runtime.resource.loader.ClasspathResourceLoader
2016-01-22 13:25:43,407 - Log4JLogChute initialized using file 'C:\Personal\Work\Projects\SpringMavenNov21Proj\target2\22-Jan-2016\13.25.41\velocity.log'
2016-01-22 13:25:43,407 - Log4JLogChute initialized using file 'C:\Personal\Work\Projects\SpringMavenNov21Proj\target2\22-Jan-2016\13.25.41\velocity.log'
2016-01-22 13:25:43,407 - Log4JLogChute initialized using file 'C:\Personal\Work\Projects\SpringMavenNov21Proj\target2\22-Jan-2016\13.25.41\velocity.log'
2016-01-22 13:25:43,407 - Log4JLogChute initialized using file 'C:\Personal\Work\Projects\SpringMavenNov21Proj\target2\22-Jan-2016\13.25.41\velocity.log'
2016-01-22 13:25:43,408 - Initializing Velocity, Calling init()...
2016-01-22 13:25:43,408 - Initializing Velocity, Calling init()...
2016-01-22 13:25:43,408 - Initializing Velocity, Calling init()...
2016-01-22 13:25:43,408 - Initializing Velocity, Calling init()...
2016-01-22 13:25:43,408 - Starting Apache Velocity v1.7 (compiled: 2010-11-19 12:14:37)
2016-01-22 13:25:43,408 - Starting Apache Velocity v1.7 (compiled: 2010-11-19 12:14:37)
2016-01-22 13:25:43,408 - Starting Apache Velocity v1.7 (compiled: 2010-11-19 12:14:37)
2016-01-22 13:25:43,408 - Starting Apache Velocity v1.7 (compiled: 2010-11-19 12:14:37)
2016-01-22 13:25:43,408 - Default Properties File: org\apache\velocity\runtime\defaults\velocity.properties
2016-01-22 13:25:43,408 - Default Properties File: org\apache\velocity\runtime\defaults\velocity.properties
2016-01-22 13:25:43,408 - Default Properties File: org\apache\velocity\runtime\defaults\velocity.properties
2016-01-22 13:25:43,408 - Default Properties File: org\apache\velocity\runtime\defaults\velocity.properties
2016-01-22 13:25:43,409 - Trying to use logger class org.apache.velocity.runtime.log.AvalonLogChute
2016-01-22 13:25:43,409 - Trying to use logger class org.apache.velocity.runtime.log.AvalonLogChute
2016-01-22 13:25:43,409 - Trying to use logger class org.apache.velocity.runtime.log.AvalonLogChute
2016-01-22 13:25:43,409 - Trying to use logger class org.apache.velocity.runtime.log.AvalonLogChute
2016-01-22 13:25:43,409 - Target log system for org.apache.velocity.runtime.log.AvalonLogChute is not available (java.lang.NoClassDefFoundError: org/apache/log/format/Formatter).  Falling back to next log system...
2016-01-22 13:25:43,409 - Target log system for org.apache.velocity.runtime.log.AvalonLogChute is not available (java.lang.NoClassDefFoundError: org/apache/log/format/Formatter).  Falling back to next log system...
2016-01-22 13:25:43,409 - Target log system for org.apache.velocity.runtime.log.AvalonLogChute is not available (java.lang.NoClassDefFoundError: org/apache/log/format/Formatter).  Falling back to next log system...
2016-01-22 13:25:43,409 - Target log system for org.apache.velocity.runtime.log.AvalonLogChute is not available (java.lang.NoClassDefFoundError: org/apache/log/format/Formatter).  Falling back to next log system...
2016-01-22 13:25:43,409 - Trying to use logger class org.apache.velocity.runtime.log.Log4JLogChute
2016-01-22 13:25:43,409 - Trying to use logger class org.apache.velocity.runtime.log.Log4JLogChute
2016-01-22 13:25:43,409 - Trying to use logger class org.apache.velocity.runtime.log.Log4JLogChute
2016-01-22 13:25:43,409 - Trying to use logger class org.apache.velocity.runtime.log.Log4JLogChute
2016-01-22 13:25:43,409 - Using logger class org.apache.velocity.runtime.log.Log4JLogChute
2016-01-22 13:25:43,409 - Using logger class org.apache.velocity.runtime.log.Log4JLogChute
2016-01-22 13:25:43,409 - Using logger class org.apache.velocity.runtime.log.Log4JLogChute
2016-01-22 13:25:43,409 - Using logger class org.apache.velocity.runtime.log.Log4JLogChute
2016-01-22 13:25:43,409 - ResourceLoader instantiated: org.apache.velocity.runtime.resource.loader.ClasspathResourceLoader
2016-01-22 13:25:43,409 - ResourceLoader instantiated: org.apache.velocity.runtime.resource.loader.ClasspathResourceLoader
2016-01-22 13:25:43,409 - ResourceLoader instantiated: org.apache.velocity.runtime.resource.loader.ClasspathResourceLoader
2016-01-22 13:25:43,409 - ResourceLoader instantiated: org.apache.velocity.runtime.resource.loader.ClasspathResourceLoader
2016-01-22 13:25:43,409 - ResourceCache: initialized (class org.apache.velocity.runtime.resource.ResourceCacheImpl) with class java.util.Collections$SynchronizedMap cache map.
2016-01-22 13:25:43,409 - ResourceCache: initialized (class org.apache.velocity.runtime.resource.ResourceCacheImpl) with class java.util.Collections$SynchronizedMap cache map.
2016-01-22 13:25:43,409 - ResourceCache: initialized (class org.apache.velocity.runtime.resource.ResourceCacheImpl) with class java.util.Collections$SynchronizedMap cache map.
2016-01-22 13:25:43,409 - ResourceCache: initialized (class org.apache.velocity.runtime.resource.ResourceCacheImpl) with class java.util.Collections$SynchronizedMap cache map.
2016-01-22 13:25:43,410 - Loaded System Directive: org.apache.velocity.runtime.directive.Stop
2016-01-22 13:25:43,410 - Loaded System Directive: org.apache.velocity.runtime.directive.Stop
2016-01-22 13:25:43,410 - Loaded System Directive: org.apache.velocity.runtime.directive.Stop
2016-01-22 13:25:43,410 - Loaded System Directive: org.apache.velocity.runtime.directive.Stop
2016-01-22 13:25:43,410 - Loaded System Directive: org.apache.velocity.runtime.directive.Define
2016-01-22 13:25:43,410 - Loaded System Directive: org.apache.velocity.runtime.directive.Define
2016-01-22 13:25:43,410 - Loaded System Directive: org.apache.velocity.runtime.directive.Define
2016-01-22 13:25:43,410 - Loaded System Directive: org.apache.velocity.runtime.directive.Define
2016-01-22 13:25:43,410 - Loaded System Directive: org.apache.velocity.runtime.directive.Break
2016-01-22 13:25:43,410 - Loaded System Directive: org.apache.velocity.runtime.directive.Break
2016-01-22 13:25:43,410 - Loaded System Directive: org.apache.velocity.runtime.directive.Break
2016-01-22 13:25:43,410 - Loaded System Directive: org.apache.velocity.runtime.directive.Break
2016-01-22 13:25:43,411 - Loaded System Directive: org.apache.velocity.runtime.directive.Evaluate
2016-01-22 13:25:43,411 - Loaded System Directive: org.apache.velocity.runtime.directive.Evaluate
2016-01-22 13:25:43,411 - Loaded System Directive: org.apache.velocity.runtime.directive.Evaluate
2016-01-22 13:25:43,411 - Loaded System Directive: org.apache.velocity.runtime.directive.Evaluate
2016-01-22 13:25:43,411 - Loaded System Directive: org.apache.velocity.runtime.directive.Literal
2016-01-22 13:25:43,411 - Loaded System Directive: org.apache.velocity.runtime.directive.Literal
2016-01-22 13:25:43,411 - Loaded System Directive: org.apache.velocity.runtime.directive.Literal
2016-01-22 13:25:43,411 - Loaded System Directive: org.apache.velocity.runtime.directive.Literal
2016-01-22 13:25:43,411 - Loaded System Directive: org.apache.velocity.runtime.directive.Macro
2016-01-22 13:25:43,411 - Loaded System Directive: org.apache.velocity.runtime.directive.Macro
2016-01-22 13:25:43,411 - Loaded System Directive: org.apache.velocity.runtime.directive.Macro
2016-01-22 13:25:43,411 - Loaded System Directive: org.apache.velocity.runtime.directive.Macro
2016-01-22 13:25:43,411 - Loaded System Directive: org.apache.velocity.runtime.directive.Parse
2016-01-22 13:25:43,411 - Loaded System Directive: org.apache.velocity.runtime.directive.Parse
2016-01-22 13:25:43,411 - Loaded System Directive: org.apache.velocity.runtime.directive.Parse
2016-01-22 13:25:43,411 - Loaded System Directive: org.apache.velocity.runtime.directive.Parse
2016-01-22 13:25:43,411 - Loaded System Directive: org.apache.velocity.runtime.directive.Include
2016-01-22 13:25:43,411 - Loaded System Directive: org.apache.velocity.runtime.directive.Include
2016-01-22 13:25:43,411 - Loaded System Directive: org.apache.velocity.runtime.directive.Include
2016-01-22 13:25:43,411 - Loaded System Directive: org.apache.velocity.runtime.directive.Include
2016-01-22 13:25:43,411 - Loaded System Directive: org.apache.velocity.runtime.directive.Foreach
2016-01-22 13:25:43,411 - Loaded System Directive: org.apache.velocity.runtime.directive.Foreach
2016-01-22 13:25:43,411 - Loaded System Directive: org.apache.velocity.runtime.directive.Foreach
2016-01-22 13:25:43,411 - Loaded System Directive: org.apache.velocity.runtime.directive.Foreach
2016-01-22 13:25:43,412 - Created '20' parsers.
2016-01-22 13:25:43,412 - Created '20' parsers.
2016-01-22 13:25:43,412 - Created '20' parsers.
2016-01-22 13:25:43,412 - Created '20' parsers.
2016-01-22 13:25:43,413 - Velocimacro : "velocimacro.library" is not set.  Trying default library: VM_global_library.vm
2016-01-22 13:25:43,413 - Velocimacro : "velocimacro.library" is not set.  Trying default library: VM_global_library.vm
2016-01-22 13:25:43,413 - Velocimacro : "velocimacro.library" is not set.  Trying default library: VM_global_library.vm
2016-01-22 13:25:43,413 - Velocimacro : "velocimacro.library" is not set.  Trying default library: VM_global_library.vm
2016-01-22 13:25:43,413 - Could not load resource 'VM_global_library.vm' from ResourceLoader org.apache.velocity.runtime.resource.loader.ClasspathResourceLoader: ClasspathResourceLoader Error: cannot find resource VM_global_library.vm
2016-01-22 13:25:43,413 - Could not load resource 'VM_global_library.vm' from ResourceLoader org.apache.velocity.runtime.resource.loader.ClasspathResourceLoader: ClasspathResourceLoader Error: cannot find resource VM_global_library.vm
2016-01-22 13:25:43,413 - Could not load resource 'VM_global_library.vm' from ResourceLoader org.apache.velocity.runtime.resource.loader.ClasspathResourceLoader: ClasspathResourceLoader Error: cannot find resource VM_global_library.vm
2016-01-22 13:25:43,413 - Could not load resource 'VM_global_library.vm' from ResourceLoader org.apache.velocity.runtime.resource.loader.ClasspathResourceLoader: ClasspathResourceLoader Error: cannot find resource VM_global_library.vm
2016-01-22 13:25:43,413 - Velocimacro : Default library not found.
2016-01-22 13:25:43,413 - Velocimacro : Default library not found.
2016-01-22 13:25:43,413 - Velocimacro : Default library not found.
2016-01-22 13:25:43,413 - Velocimacro : Default library not found.
2016-01-22 13:25:43,413 - Velocimacro : allowInline = true : VMs can be defined inline in templates
2016-01-22 13:25:43,413 - Velocimacro : allowInline = true : VMs can be defined inline in templates
2016-01-22 13:25:43,413 - Velocimacro : allowInline = true : VMs can be defined inline in templates
2016-01-22 13:25:43,413 - Velocimacro : allowInline = true : VMs can be defined inline in templates
2016-01-22 13:25:43,413 - Velocimacro : allowInlineToOverride = false : VMs defined inline may NOT replace previous VM definitions
2016-01-22 13:25:43,413 - Velocimacro : allowInlineToOverride = false : VMs defined inline may NOT replace previous VM definitions
2016-01-22 13:25:43,413 - Velocimacro : allowInlineToOverride = false : VMs defined inline may NOT replace previous VM definitions
2016-01-22 13:25:43,413 - Velocimacro : allowInlineToOverride = false : VMs defined inline may NOT replace previous VM definitions
2016-01-22 13:25:43,413 - Velocimacro : allowInlineLocal = false : VMs defined inline will be global in scope if allowed.
2016-01-22 13:25:43,413 - Velocimacro : allowInlineLocal = false : VMs defined inline will be global in scope if allowed.
2016-01-22 13:25:43,413 - Velocimacro : allowInlineLocal = false : VMs defined inline will be global in scope if allowed.
2016-01-22 13:25:43,413 - Velocimacro : allowInlineLocal = false : VMs defined inline will be global in scope if allowed.
2016-01-22 13:25:43,414 - Velocimacro : autoload off : VM system will not automatically reload global library macros
2016-01-22 13:25:43,414 - Velocimacro : autoload off : VM system will not automatically reload global library macros
2016-01-22 13:25:43,414 - Velocimacro : autoload off : VM system will not automatically reload global library macros
2016-01-22 13:25:43,414 - Velocimacro : autoload off : VM system will not automatically reload global library macros
2016-01-22 13:25:43,425 - ResourceManager : found templates/tagOverview.vm with loader org.apache.velocity.runtime.resource.loader.ClasspathResourceLoader
2016-01-22 13:25:43,425 - ResourceManager : found templates/tagOverview.vm with loader org.apache.velocity.runtime.resource.loader.ClasspathResourceLoader
2016-01-22 13:25:43,425 - ResourceManager : found templates/tagOverview.vm with loader org.apache.velocity.runtime.resource.loader.ClasspathResourceLoader
2016-01-22 13:25:43,425 - ResourceManager : found templates/tagOverview.vm with loader org.apache.velocity.runtime.resource.loader.ClasspathResourceLoader
2016-01-22 13:25:43,427 - ResourceManager : found /templates/tableHeader.vm with loader org.apache.velocity.runtime.resource.loader.ClasspathResourceLoader
2016-01-22 13:25:43,427 - ResourceManager : found /templates/tableHeader.vm with loader org.apache.velocity.runtime.resource.loader.ClasspathResourceLoader
2016-01-22 13:25:43,427 - ResourceManager : found /templates/tableHeader.vm with loader org.apache.velocity.runtime.resource.loader.ClasspathResourceLoader
2016-01-22 13:25:43,427 - ResourceManager : found /templates/tableHeader.vm with loader org.apache.velocity.runtime.resource.loader.ClasspathResourceLoader
